26-May-2025 21:40:00.975 INFO [main] org.apache.catalina.startup.VersionLoggerListener.log Server version name:   Apache Tomcat/10.1.41
26-May-2025 21:40:00.979 INFO [main] org.apache.catalina.startup.VersionLoggerListener.log Server built:          May 8 2025 12:44:02 UTC
26-May-2025 21:40:00.979 INFO [main] org.apache.catalina.startup.VersionLoggerListener.log Server version number: 10.1.41.0
26-May-2025 21:40:00.979 INFO [main] org.apache.catalina.startup.VersionLoggerListener.log OS Name:               Windows 11
26-May-2025 21:40:00.980 INFO [main] org.apache.catalina.startup.VersionLoggerListener.log OS Version:            10.0
26-May-2025 21:40:00.980 INFO [main] org.apache.catalina.startup.VersionLoggerListener.log Architecture:          amd64
26-May-2025 21:40:00.980 INFO [main] org.apache.catalina.startup.VersionLoggerListener.log Java Home:             C:\Program Files\Java\jdk-23
26-May-2025 21:40:00.980 INFO [main] org.apache.catalina.startup.VersionLoggerListener.log JVM Version:           23+37-2369
26-May-2025 21:40:00.980 INFO [main] org.apache.catalina.startup.VersionLoggerListener.log JVM Vendor:            Oracle Corporation
26-May-2025 21:40:00.980 INFO [main] org.apache.catalina.startup.VersionLoggerListener.log CATALINA_BASE:         C:\Users\yasir\IdeaProjects\Restaurant-Table-Reservation-Platform-main-2
26-May-2025 21:40:00.980 INFO [main] org.apache.catalina.startup.VersionLoggerListener.log CATALINA_HOME:         C:\apache-tomcat-10.1.41-windows-x64\apache-tomcat-10.1.41
26-May-2025 21:40:00.991 INFO [main] org.apache.catalina.startup.VersionLoggerListener.log Command line argument: --add-opens=java.base/java.lang=ALL-UNNAMED
26-May-2025 21:40:00.992 INFO [main] org.apache.catalina.startup.VersionLoggerListener.log Command line argument: --add-opens=java.base/java.io=ALL-UNNAMED
26-May-2025 21:40:00.992 INFO [main] org.apache.catalina.startup.VersionLoggerListener.log Command line argument: --add-opens=java.base/java.util=ALL-UNNAMED
26-May-2025 21:40:00.992 INFO [main] org.apache.catalina.startup.VersionLoggerListener.log Command line argument: --add-opens=java.base/java.util.concurrent=ALL-UNNAMED
26-May-2025 21:40:00.992 INFO [main] org.apache.catalina.startup.VersionLoggerListener.log Command line argument: --add-opens=java.rmi/sun.rmi.transport=ALL-UNNAMED
26-May-2025 21:40:00.992 INFO [main] org.apache.catalina.startup.VersionLoggerListener.log Command line argument: -Dcatalina.home=C:\apache-tomcat-10.1.41-windows-x64\apache-tomcat-10.1.41
26-May-2025 21:40:00.992 INFO [main] org.apache.catalina.startup.VersionLoggerListener.log Command line argument: -Dcatalina.base=C:\Users\yasir\IdeaProjects\Restaurant-Table-Reservation-Platform-main-2
26-May-2025 21:40:00.992 INFO [main] org.apache.catalina.startup.VersionLoggerListener.log Command line argument: -Djava.io.tmpdir=C:\Users\yasir\IdeaProjects\Restaurant-Table-Reservation-Platform-main-2\temp
26-May-2025 21:40:00.993 INFO [main] org.apache.catalina.startup.VersionLoggerListener.log Command line argument: -Djava.util.logging.config.file=C:\Users\yasir\IdeaProjects\Restaurant-Table-Reservation-Platform-main-2\conf\logging.properties
26-May-2025 21:40:00.993 INFO [main] org.apache.catalina.startup.VersionLoggerListener.log Command line argument: -Djava.util.logging.manager=org.apache.juli.ClassLoaderLogManager
26-May-2025 21:40:00.993 INFO [main] org.apache.catalina.startup.VersionLoggerListener.log Command line argument: -javaagent:C:\Program Files\JetBrains\IntelliJ IDEA Community Edition 2024.3.3\lib\idea_rt.jar=57705:C:\Program Files\JetBrains\IntelliJ IDEA Community Edition 2024.3.3\bin
26-May-2025 21:40:00.993 INFO [main] org.apache.catalina.startup.VersionLoggerListener.log Command line argument: -Dfile.encoding=UTF-8
26-May-2025 21:40:00.993 INFO [main] org.apache.catalina.startup.VersionLoggerListener.log Command line argument: -Dsun.stdout.encoding=UTF-8
26-May-2025 21:40:00.993 INFO [main] org.apache.catalina.startup.VersionLoggerListener.log Command line argument: -Dsun.stderr.encoding=UTF-8
26-May-2025 21:40:00.997 INFO [main] org.apache.catalina.core.AprLifecycleListener.lifecycleEvent Loaded Apache Tomcat Native library [2.0.8] using APR version [1.7.4].
26-May-2025 21:40:01.012 INFO [main] org.apache.catalina.core.AprLifecycleListener.initializeSSL OpenSSL successfully initialized [OpenSSL 3.0.14 4 Jun 2024]
26-May-2025 21:40:01.350 INFO [main] org.apache.coyote.AbstractProtocol.init Initializing ProtocolHandler ["http-nio-8080"]
26-May-2025 21:40:01.365 INFO [main] org.apache.catalina.startup.Catalina.load Server initialization in [594] milliseconds
26-May-2025 21:40:01.413 INFO [main] org.apache.catalina.core.StandardService.startInternal Starting service [Catalina]
26-May-2025 21:40:01.413 INFO [main] org.apache.catalina.core.StandardEngine.startInternal Starting Servlet engine: [Apache Tomcat/10.1.41]
26-May-2025 21:40:01.423 INFO [main] org.apache.catalina.startup.HostConfig.deployDescriptor Deploying deployment descriptor [C:\Users\yasir\IdeaProjects\Restaurant-Table-Reservation-Platform-main-2\conf\Catalina\localhost\Restaurant_Table_Reservation.xml]
26-May-2025 21:40:02.227 INFO [main] org.apache.jasper.servlet.TldScanner.scanJars At least one JAR was scanned for TLDs yet contained no TLDs. Enable debug logging for this logger for a complete list of JARs that were scanned but no TLDs were found in them. Skipping unneeded JARs during scanning can improve startup time and JSP compilation time.
26-May-2025 21:40:02.404 INFO [main] org.apache.catalina.startup.HostConfig.deployDescriptor Deployment of deployment descriptor [C:\Users\yasir\IdeaProjects\Restaurant-Table-Reservation-Platform-main-2\conf\Catalina\localhost\Restaurant_Table_Reservation.xml] has finished in [980] ms
26-May-2025 21:40:02.407 INFO [main] org.apache.coyote.AbstractProtocol.start Starting ProtocolHandler ["http-nio-8080"]
26-May-2025 21:40:02.425 INFO [main] org.apache.catalina.startup.Catalina.start Server startup in [1058] milliseconds
26-May-2025 21:40:07.960 INFO [Thread-1] org.apache.coyote.AbstractProtocol.pause Pausing ProtocolHandler ["http-nio-8080"]
26-May-2025 21:40:07.964 INFO [Thread-1] org.apache.catalina.core.StandardService.stopInternal Stopping service [Catalina]
26-May-2025 21:40:07.977 INFO [Thread-1] org.apache.coyote.AbstractProtocol.stop Stopping ProtocolHandler ["http-nio-8080"]
26-May-2025 21:40:08.000 INFO [Thread-1] org.apache.coyote.AbstractProtocol.destroy Destroying ProtocolHandler ["http-nio-8080"]
26-May-2025 21:40:09.109 INFO [main] org.apache.catalina.startup.VersionLoggerListener.log Server version name:   Apache Tomcat/10.1.41
26-May-2025 21:40:09.115 INFO [main] org.apache.catalina.startup.VersionLoggerListener.log Server built:          May 8 2025 12:44:02 UTC
26-May-2025 21:40:09.115 INFO [main] org.apache.catalina.startup.VersionLoggerListener.log Server version number: 10.1.41.0
26-May-2025 21:40:09.115 INFO [main] org.apache.catalina.startup.VersionLoggerListener.log OS Name:               Windows 11
26-May-2025 21:40:09.116 INFO [main] org.apache.catalina.startup.VersionLoggerListener.log OS Version:            10.0
26-May-2025 21:40:09.116 INFO [main] org.apache.catalina.startup.VersionLoggerListener.log Architecture:          amd64
26-May-2025 21:40:09.116 INFO [main] org.apache.catalina.startup.VersionLoggerListener.log Java Home:             C:\Program Files\Java\jdk-23
26-May-2025 21:40:09.116 INFO [main] org.apache.catalina.startup.VersionLoggerListener.log JVM Version:           23+37-2369
26-May-2025 21:40:09.116 INFO [main] org.apache.catalina.startup.VersionLoggerListener.log JVM Vendor:            Oracle Corporation
26-May-2025 21:40:09.116 INFO [main] org.apache.catalina.startup.VersionLoggerListener.log CATALINA_BASE:         C:\Users\yasir\IdeaProjects\Restaurant-Table-Reservation-Platform-main-2
26-May-2025 21:40:09.116 INFO [main] org.apache.catalina.startup.VersionLoggerListener.log CATALINA_HOME:         C:\apache-tomcat-10.1.41-windows-x64\apache-tomcat-10.1.41
26-May-2025 21:40:09.129 INFO [main] org.apache.catalina.startup.VersionLoggerListener.log Command line argument: --add-opens=java.base/java.lang=ALL-UNNAMED
26-May-2025 21:40:09.129 INFO [main] org.apache.catalina.startup.VersionLoggerListener.log Command line argument: --add-opens=java.base/java.io=ALL-UNNAMED
26-May-2025 21:40:09.129 INFO [main] org.apache.catalina.startup.VersionLoggerListener.log Command line argument: --add-opens=java.base/java.util=ALL-UNNAMED
26-May-2025 21:40:09.129 INFO [main] org.apache.catalina.startup.VersionLoggerListener.log Command line argument: --add-opens=java.base/java.util.concurrent=ALL-UNNAMED
26-May-2025 21:40:09.129 INFO [main] org.apache.catalina.startup.VersionLoggerListener.log Command line argument: --add-opens=java.rmi/sun.rmi.transport=ALL-UNNAMED
26-May-2025 21:40:09.129 INFO [main] org.apache.catalina.startup.VersionLoggerListener.log Command line argument: -Dcatalina.home=C:\apache-tomcat-10.1.41-windows-x64\apache-tomcat-10.1.41
26-May-2025 21:40:09.129 INFO [main] org.apache.catalina.startup.VersionLoggerListener.log Command line argument: -Dcatalina.base=C:\Users\yasir\IdeaProjects\Restaurant-Table-Reservation-Platform-main-2
26-May-2025 21:40:09.129 INFO [main] org.apache.catalina.startup.VersionLoggerListener.log Command line argument: -Djava.io.tmpdir=C:\Users\yasir\IdeaProjects\Restaurant-Table-Reservation-Platform-main-2\temp
26-May-2025 21:40:09.129 INFO [main] org.apache.catalina.startup.VersionLoggerListener.log Command line argument: -Djava.util.logging.config.file=C:\Users\yasir\IdeaProjects\Restaurant-Table-Reservation-Platform-main-2\conf\logging.properties
26-May-2025 21:40:09.129 INFO [main] org.apache.catalina.startup.VersionLoggerListener.log Command line argument: -Djava.util.logging.manager=org.apache.juli.ClassLoaderLogManager
26-May-2025 21:40:09.130 INFO [main] org.apache.catalina.startup.VersionLoggerListener.log Command line argument: -javaagent:C:\Program Files\JetBrains\IntelliJ IDEA Community Edition 2024.3.3\lib\idea_rt.jar=57709:C:\Program Files\JetBrains\IntelliJ IDEA Community Edition 2024.3.3\bin
26-May-2025 21:40:09.130 INFO [main] org.apache.catalina.startup.VersionLoggerListener.log Command line argument: -Dfile.encoding=UTF-8
26-May-2025 21:40:09.130 INFO [main] org.apache.catalina.startup.VersionLoggerListener.log Command line argument: -Dsun.stdout.encoding=UTF-8
26-May-2025 21:40:09.130 INFO [main] org.apache.catalina.startup.VersionLoggerListener.log Command line argument: -Dsun.stderr.encoding=UTF-8
26-May-2025 21:40:09.134 INFO [main] org.apache.catalina.core.AprLifecycleListener.lifecycleEvent Loaded Apache Tomcat Native library [2.0.8] using APR version [1.7.4].
26-May-2025 21:40:09.141 INFO [main] org.apache.catalina.core.AprLifecycleListener.initializeSSL OpenSSL successfully initialized [OpenSSL 3.0.14 4 Jun 2024]
26-May-2025 21:40:09.560 INFO [main] org.apache.coyote.AbstractProtocol.init Initializing ProtocolHandler ["http-nio-8080"]
26-May-2025 21:40:09.576 INFO [main] org.apache.catalina.startup.Catalina.load Server initialization in [738] milliseconds
26-May-2025 21:40:09.618 INFO [main] org.apache.catalina.core.StandardService.startInternal Starting service [Catalina]
26-May-2025 21:40:09.618 INFO [main] org.apache.catalina.core.StandardEngine.startInternal Starting Servlet engine: [Apache Tomcat/10.1.41]
26-May-2025 21:40:09.632 INFO [main] org.apache.catalina.startup.HostConfig.deployDescriptor Deploying deployment descriptor [C:\Users\yasir\IdeaProjects\Restaurant-Table-Reservation-Platform-main-2\conf\Catalina\localhost\Restaurant_Table_Reservation.xml]
26-May-2025 21:40:10.421 INFO [main] org.apache.jasper.servlet.TldScanner.scanJars At least one JAR was scanned for TLDs yet contained no TLDs. Enable debug logging for this logger for a complete list of JARs that were scanned but no TLDs were found in them. Skipping unneeded JARs during scanning can improve startup time and JSP compilation time.
26-May-2025 21:40:10.606 INFO [main] org.apache.catalina.startup.HostConfig.deployDescriptor Deployment of deployment descriptor [C:\Users\yasir\IdeaProjects\Restaurant-Table-Reservation-Platform-main-2\conf\Catalina\localhost\Restaurant_Table_Reservation.xml] has finished in [974] ms
26-May-2025 21:40:10.611 INFO [main] org.apache.coyote.AbstractProtocol.start Starting ProtocolHandler ["http-nio-8080"]
26-May-2025 21:40:10.633 INFO [main] org.apache.catalina.startup.Catalina.start Server startup in [1056] milliseconds
26-May-2025 22:12:48.930 INFO [Thread-1] org.apache.coyote.AbstractProtocol.pause Pausing ProtocolHandler ["http-nio-8080"]
26-May-2025 22:12:48.964 INFO [Thread-1] org.apache.catalina.core.StandardService.stopInternal Stopping service [Catalina]
26-May-2025 22:12:49.155 INFO [Thread-1] org.apache.coyote.AbstractProtocol.stop Stopping ProtocolHandler ["http-nio-8080"]
26-May-2025 22:12:49.193 INFO [Thread-1] org.apache.coyote.AbstractProtocol.destroy Destroying ProtocolHandler ["http-nio-8080"]
26-May-2025 22:12:53.356 INFO [main] org.apache.catalina.startup.VersionLoggerListener.log Server version name:   Apache Tomcat/10.1.41
26-May-2025 22:12:53.361 INFO [main] org.apache.catalina.startup.VersionLoggerListener.log Server built:          May 8 2025 12:44:02 UTC
26-May-2025 22:12:53.361 INFO [main] org.apache.catalina.startup.VersionLoggerListener.log Server version number: 10.1.41.0
26-May-2025 22:12:53.361 INFO [main] org.apache.catalina.startup.VersionLoggerListener.log OS Name:               Windows 11
26-May-2025 22:12:53.361 INFO [main] org.apache.catalina.startup.VersionLoggerListener.log OS Version:            10.0
26-May-2025 22:12:53.361 INFO [main] org.apache.catalina.startup.VersionLoggerListener.log Architecture:          amd64
26-May-2025 22:12:53.361 INFO [main] org.apache.catalina.startup.VersionLoggerListener.log Java Home:             C:\Program Files\Java\jdk-23
26-May-2025 22:12:53.361 INFO [main] org.apache.catalina.startup.VersionLoggerListener.log JVM Version:           23+37-2369
26-May-2025 22:12:53.361 INFO [main] org.apache.catalina.startup.VersionLoggerListener.log JVM Vendor:            Oracle Corporation
26-May-2025 22:12:53.362 INFO [main] org.apache.catalina.startup.VersionLoggerListener.log CATALINA_BASE:         C:\Users\yasir\IdeaProjects\Restaurant-Table-Reservation-Platform-main-2
26-May-2025 22:12:53.362 INFO [main] org.apache.catalina.startup.VersionLoggerListener.log CATALINA_HOME:         C:\apache-tomcat-10.1.41-windows-x64\apache-tomcat-10.1.41
26-May-2025 22:12:53.373 INFO [main] org.apache.catalina.startup.VersionLoggerListener.log Command line argument: --add-opens=java.base/java.lang=ALL-UNNAMED
26-May-2025 22:12:53.374 INFO [main] org.apache.catalina.startup.VersionLoggerListener.log Command line argument: --add-opens=java.base/java.io=ALL-UNNAMED
26-May-2025 22:12:53.374 INFO [main] org.apache.catalina.startup.VersionLoggerListener.log Command line argument: --add-opens=java.base/java.util=ALL-UNNAMED
26-May-2025 22:12:53.374 INFO [main] org.apache.catalina.startup.VersionLoggerListener.log Command line argument: --add-opens=java.base/java.util.concurrent=ALL-UNNAMED
26-May-2025 22:12:53.374 INFO [main] org.apache.catalina.startup.VersionLoggerListener.log Command line argument: --add-opens=java.rmi/sun.rmi.transport=ALL-UNNAMED
26-May-2025 22:12:53.374 INFO [main] org.apache.catalina.startup.VersionLoggerListener.log Command line argument: -Dcatalina.home=C:\apache-tomcat-10.1.41-windows-x64\apache-tomcat-10.1.41
26-May-2025 22:12:53.374 INFO [main] org.apache.catalina.startup.VersionLoggerListener.log Command line argument: -Dcatalina.base=C:\Users\yasir\IdeaProjects\Restaurant-Table-Reservation-Platform-main-2
26-May-2025 22:12:53.374 INFO [main] org.apache.catalina.startup.VersionLoggerListener.log Command line argument: -Djava.io.tmpdir=C:\Users\yasir\IdeaProjects\Restaurant-Table-Reservation-Platform-main-2\temp
26-May-2025 22:12:53.374 INFO [main] org.apache.catalina.startup.VersionLoggerListener.log Command line argument: -Djava.util.logging.config.file=C:\Users\yasir\IdeaProjects\Restaurant-Table-Reservation-Platform-main-2\conf\logging.properties
26-May-2025 22:12:53.374 INFO [main] org.apache.catalina.startup.VersionLoggerListener.log Command line argument: -Djava.util.logging.manager=org.apache.juli.ClassLoaderLogManager
26-May-2025 22:12:53.375 INFO [main] org.apache.catalina.startup.VersionLoggerListener.log Command line argument: -javaagent:C:\Program Files\JetBrains\IntelliJ IDEA Community Edition 2024.3.3\lib\idea_rt.jar=58930:C:\Program Files\JetBrains\IntelliJ IDEA Community Edition 2024.3.3\bin
26-May-2025 22:12:53.375 INFO [main] org.apache.catalina.startup.VersionLoggerListener.log Command line argument: -Dfile.encoding=UTF-8
26-May-2025 22:12:53.375 INFO [main] org.apache.catalina.startup.VersionLoggerListener.log Command line argument: -Dsun.stdout.encoding=UTF-8
26-May-2025 22:12:53.375 INFO [main] org.apache.catalina.startup.VersionLoggerListener.log Command line argument: -Dsun.stderr.encoding=UTF-8
26-May-2025 22:12:53.379 INFO [main] org.apache.catalina.core.AprLifecycleListener.lifecycleEvent Loaded Apache Tomcat Native library [2.0.8] using APR version [1.7.4].
26-May-2025 22:12:53.394 INFO [main] org.apache.catalina.core.AprLifecycleListener.initializeSSL OpenSSL successfully initialized [OpenSSL 3.0.14 4 Jun 2024]
26-May-2025 22:12:53.744 INFO [main] org.apache.coyote.AbstractProtocol.init Initializing ProtocolHandler ["http-nio-8080"]
26-May-2025 22:12:53.763 INFO [main] org.apache.catalina.startup.Catalina.load Server initialization in [617] milliseconds
26-May-2025 22:12:53.833 INFO [main] org.apache.catalina.core.StandardService.startInternal Starting service [Catalina]
26-May-2025 22:12:53.834 INFO [main] org.apache.catalina.core.StandardEngine.startInternal Starting Servlet engine: [Apache Tomcat/10.1.41]
26-May-2025 22:12:53.854 INFO [main] org.apache.catalina.startup.HostConfig.deployDescriptor Deploying deployment descriptor [C:\Users\yasir\IdeaProjects\Restaurant-Table-Reservation-Platform-main-2\conf\Catalina\localhost\Restaurant_Table_Reservation.xml]
26-May-2025 22:12:54.945 INFO [main] org.apache.jasper.servlet.TldScanner.scanJars At least one JAR was scanned for TLDs yet contained no TLDs. Enable debug logging for this logger for a complete list of JARs that were scanned but no TLDs were found in them. Skipping unneeded JARs during scanning can improve startup time and JSP compilation time.
26-May-2025 22:12:55.167 INFO [main] org.apache.catalina.startup.HostConfig.deployDescriptor Deployment of deployment descriptor [C:\Users\yasir\IdeaProjects\Restaurant-Table-Reservation-Platform-main-2\conf\Catalina\localhost\Restaurant_Table_Reservation.xml] has finished in [1,313] ms
26-May-2025 22:12:55.172 INFO [main] org.apache.coyote.AbstractProtocol.start Starting ProtocolHandler ["http-nio-8080"]
26-May-2025 22:12:55.200 INFO [main] org.apache.catalina.startup.Catalina.start Server startup in [1435] milliseconds
26-May-2025 22:14:30.538 INFO [Thread-1] org.apache.coyote.AbstractProtocol.pause Pausing ProtocolHandler ["http-nio-8080"]
26-May-2025 22:14:30.551 INFO [Thread-1] org.apache.catalina.core.StandardService.stopInternal Stopping service [Catalina]
26-May-2025 22:14:30.614 INFO [Thread-1] org.apache.coyote.AbstractProtocol.stop Stopping ProtocolHandler ["http-nio-8080"]
26-May-2025 22:14:30.627 INFO [Thread-1] org.apache.coyote.AbstractProtocol.destroy Destroying ProtocolHandler ["http-nio-8080"]
26-May-2025 22:14:33.818 INFO [main] org.apache.catalina.startup.VersionLoggerListener.log Server version name:   Apache Tomcat/10.1.41
26-May-2025 22:14:33.822 INFO [main] org.apache.catalina.startup.VersionLoggerListener.log Server built:          May 8 2025 12:44:02 UTC
26-May-2025 22:14:33.823 INFO [main] org.apache.catalina.startup.VersionLoggerListener.log Server version number: 10.1.41.0
26-May-2025 22:14:33.823 INFO [main] org.apache.catalina.startup.VersionLoggerListener.log OS Name:               Windows 11
26-May-2025 22:14:33.823 INFO [main] org.apache.catalina.startup.VersionLoggerListener.log OS Version:            10.0
26-May-2025 22:14:33.823 INFO [main] org.apache.catalina.startup.VersionLoggerListener.log Architecture:          amd64
26-May-2025 22:14:33.823 INFO [main] org.apache.catalina.startup.VersionLoggerListener.log Java Home:             C:\Program Files\Java\jdk-23
26-May-2025 22:14:33.823 INFO [main] org.apache.catalina.startup.VersionLoggerListener.log JVM Version:           23+37-2369
26-May-2025 22:14:33.823 INFO [main] org.apache.catalina.startup.VersionLoggerListener.log JVM Vendor:            Oracle Corporation
26-May-2025 22:14:33.823 INFO [main] org.apache.catalina.startup.VersionLoggerListener.log CATALINA_BASE:         C:\Users\yasir\IdeaProjects\Restaurant-Table-Reservation-Platform-main-2
26-May-2025 22:14:33.823 INFO [main] org.apache.catalina.startup.VersionLoggerListener.log CATALINA_HOME:         C:\apache-tomcat-10.1.41-windows-x64\apache-tomcat-10.1.41
26-May-2025 22:14:33.833 INFO [main] org.apache.catalina.startup.VersionLoggerListener.log Command line argument: --add-opens=java.base/java.lang=ALL-UNNAMED
26-May-2025 22:14:33.833 INFO [main] org.apache.catalina.startup.VersionLoggerListener.log Command line argument: --add-opens=java.base/java.io=ALL-UNNAMED
26-May-2025 22:14:33.833 INFO [main] org.apache.catalina.startup.VersionLoggerListener.log Command line argument: --add-opens=java.base/java.util=ALL-UNNAMED
26-May-2025 22:14:33.833 INFO [main] org.apache.catalina.startup.VersionLoggerListener.log Command line argument: --add-opens=java.base/java.util.concurrent=ALL-UNNAMED
26-May-2025 22:14:33.833 INFO [main] org.apache.catalina.startup.VersionLoggerListener.log Command line argument: --add-opens=java.rmi/sun.rmi.transport=ALL-UNNAMED
26-May-2025 22:14:33.833 INFO [main] org.apache.catalina.startup.VersionLoggerListener.log Command line argument: -Dcatalina.home=C:\apache-tomcat-10.1.41-windows-x64\apache-tomcat-10.1.41
26-May-2025 22:14:33.833 INFO [main] org.apache.catalina.startup.VersionLoggerListener.log Command line argument: -Dcatalina.base=C:\Users\yasir\IdeaProjects\Restaurant-Table-Reservation-Platform-main-2
26-May-2025 22:14:33.833 INFO [main] org.apache.catalina.startup.VersionLoggerListener.log Command line argument: -Djava.io.tmpdir=C:\Users\yasir\IdeaProjects\Restaurant-Table-Reservation-Platform-main-2\temp
26-May-2025 22:14:33.833 INFO [main] org.apache.catalina.startup.VersionLoggerListener.log Command line argument: -Djava.util.logging.config.file=C:\Users\yasir\IdeaProjects\Restaurant-Table-Reservation-Platform-main-2\conf\logging.properties
26-May-2025 22:14:33.834 INFO [main] org.apache.catalina.startup.VersionLoggerListener.log Command line argument: -Djava.util.logging.manager=org.apache.juli.ClassLoaderLogManager
26-May-2025 22:14:33.834 INFO [main] org.apache.catalina.startup.VersionLoggerListener.log Command line argument: -javaagent:C:\Program Files\JetBrains\IntelliJ IDEA Community Edition 2024.3.3\lib\idea_rt.jar=59023:C:\Program Files\JetBrains\IntelliJ IDEA Community Edition 2024.3.3\bin
26-May-2025 22:14:33.834 INFO [main] org.apache.catalina.startup.VersionLoggerListener.log Command line argument: -Dfile.encoding=UTF-8
26-May-2025 22:14:33.834 INFO [main] org.apache.catalina.startup.VersionLoggerListener.log Command line argument: -Dsun.stdout.encoding=UTF-8
26-May-2025 22:14:33.834 INFO [main] org.apache.catalina.startup.VersionLoggerListener.log Command line argument: -Dsun.stderr.encoding=UTF-8
26-May-2025 22:14:33.837 INFO [main] org.apache.catalina.core.AprLifecycleListener.lifecycleEvent Loaded Apache Tomcat Native library [2.0.8] using APR version [1.7.4].
26-May-2025 22:14:33.853 INFO [main] org.apache.catalina.core.AprLifecycleListener.initializeSSL OpenSSL successfully initialized [OpenSSL 3.0.14 4 Jun 2024]
26-May-2025 22:14:34.196 INFO [main] org.apache.coyote.AbstractProtocol.init Initializing ProtocolHandler ["http-nio-8080"]
26-May-2025 22:14:34.214 INFO [main] org.apache.catalina.startup.Catalina.load Server initialization in [604] milliseconds
26-May-2025 22:14:34.264 INFO [main] org.apache.catalina.core.StandardService.startInternal Starting service [Catalina]
26-May-2025 22:14:34.264 INFO [main] org.apache.catalina.core.StandardEngine.startInternal Starting Servlet engine: [Apache Tomcat/10.1.41]
26-May-2025 22:14:34.277 INFO [main] org.apache.catalina.startup.HostConfig.deployDescriptor Deploying deployment descriptor [C:\Users\yasir\IdeaProjects\Restaurant-Table-Reservation-Platform-main-2\conf\Catalina\localhost\Restaurant_Table_Reservation.xml]
26-May-2025 22:14:35.109 INFO [main] org.apache.jasper.servlet.TldScanner.scanJars At least one JAR was scanned for TLDs yet contained no TLDs. Enable debug logging for this logger for a complete list of JARs that were scanned but no TLDs were found in them. Skipping unneeded JARs during scanning can improve startup time and JSP compilation time.
26-May-2025 22:14:35.327 INFO [main] org.apache.catalina.startup.HostConfig.deployDescriptor Deployment of deployment descriptor [C:\Users\yasir\IdeaProjects\Restaurant-Table-Reservation-Platform-main-2\conf\Catalina\localhost\Restaurant_Table_Reservation.xml] has finished in [1,050] ms
26-May-2025 22:14:35.330 INFO [main] org.apache.coyote.AbstractProtocol.start Starting ProtocolHandler ["http-nio-8080"]
26-May-2025 22:14:35.357 INFO [main] org.apache.catalina.startup.Catalina.start Server startup in [1141] milliseconds
